#################################################################
# If you used AutoDock Vina in your work, please cite:          #
#                                                               #
# O. Trott, A. J. Olson,                                        #
# AutoDock Vina: improving the speed and accuracy of docking    #
# with a new scoring function, efficient optimization and       #
# multithreading, Journal of Computational Chemistry 31 (2010)  #
# 455-461                                                       #
#                                                               #
# DOI 10.1002/jcc.21334                                         #
#                                                               #
# Please see http://vina.scripps.edu for more information.      #
#################################################################

Detected 8 CPUs
Reading input ... done.
Setting up the scoring function ... done.
Analyzing the binding site ... done.
Using random seed: 1276849942
Performing search ... done.
Refining results ... done.

mode |   affinity | dist from best mode
     | (kcal/mol) | rmsd l.b.| rmsd u.b.
-----+------------+----------+----------
   1         -5.7      0.000      0.000
   2         -5.5     27.594     28.541
   3         -5.5      4.718      7.249
   4         -5.4     27.635     28.618
   5         -5.4     27.724     28.746
   6         -5.4     25.535     26.522
   7         -5.3      4.883      7.419
   8         -5.2      3.051      4.697
   9         -5.1      4.968      7.321
  10         -5.1     10.491     12.377
Writing output ... done.
